<?xml version="1.0" encoding="UTF-8"?>
<testsuite name="SampleTest" tests="1" skipped="0" failures="0" errors="0" timestamp="2021-02-06T19:20:20" hostname="iMac-de-Cesar.local" time="0.015">
  <properties/>
  <testcase name="sample()" classname="SampleTest" time="0.015"/>
  <system-out><![CDATA[]]></system-out>
  <system-err><![CDATA[]]></system-err>
</testsuite>
